<?xml version="1.0" encoding="UTF-8"?>
<!-- Generated by org.testng.reporters.JUnitReportReporter -->
<testsuite hostname="DESKTOP-HS68FTR" failures="0" tests="1" name="TestNGTutorials.GoogleSearch" time="13.049" errors="0" timestamp="2022-04-15T17:30:32 IST" skipped="0">
  <testcase classname="TestNGTutorials.GoogleSearch" name="GoogleSearchTest" time="13.049"/>
  <system-out/>
</testsuite> <!-- TestNGTutorials.GoogleSearch -->
