<?xml version="1.0" encoding="UTF-8"?>
<!-- Generated by org.testng.reporters.JUnitReportReporter -->
<testsuite hostname="DESKTOP-HS68FTR" failures="0" tests="3" name="TestNGTutorials.TestNGFeatures" time="0.019" errors="0" timestamp="2022-02-02T01:49:27 IST" skipped="0">
  <testcase classname="TestNGTutorials.TestNGFeatures" name="searchTest" time="0.003"/>
  <system-out/>
  <testcase classname="TestNGTutorials.TestNGFeatures" name="homeTest" time="0.002"/>
  <system-out/>
  <testcase classname="TestNGTutorials.TestNGFeatures" name="loginTest" time="0.014"/>
  <system-out/>
</testsuite> <!-- TestNGTutorials.TestNGFeatures -->
