<?xml version="1.0" encoding="UTF-8"?>
<!-- Generated by org.testng.reporters.JUnitReportReporter -->
<testsuite hostname="DESKTOP-HS68FTR" failures="0" tests="10" name="TestNGTutorials.InvocationCountTest" time="0.024" errors="0" timestamp="2022-04-15T05:57:42 IST" skipped="0">
  <testcase classname="TestNGTutorials.InvocationCountTest" name="sum" time="0.002"/>
  <system-out/>
  <testcase classname="TestNGTutorials.InvocationCountTest" name="sum" time="0.003"/>
  <system-out/>
  <testcase classname="TestNGTutorials.InvocationCountTest" name="sum" time="0.002"/>
  <system-out/>
  <testcase classname="TestNGTutorials.InvocationCountTest" name="sum" time="0.002"/>
  <system-out/>
  <testcase classname="TestNGTutorials.InvocationCountTest" name="sum" time="0.003"/>
  <system-out/>
  <testcase classname="TestNGTutorials.InvocationCountTest" name="sum" time="0.002"/>
  <system-out/>
  <testcase classname="TestNGTutorials.InvocationCountTest" name="sum" time="0.002"/>
  <system-out/>
  <testcase classname="TestNGTutorials.InvocationCountTest" name="sum" time="0.004"/>
  <system-out/>
  <testcase classname="TestNGTutorials.InvocationCountTest" name="sum" time="0.002"/>
  <system-out/>
  <testcase classname="TestNGTutorials.InvocationCountTest" name="sum" time="0.002"/>
  <system-out/>
</testsuite> <!-- TestNGTutorials.InvocationCountTest -->
