<?xml version="1.0" encoding="UTF-8"?>
<!-- Generated by org.testng.reporters.JUnitReportReporter -->
<testsuite hostname="DESKTOP-HS68FTR" failures="0" tests="2" name="TestNGTutorials.TestListenerConcept" time="0.013" errors="0" timestamp="2022-02-10T20:07:18 IST" skipped="0">
  <testcase classname="TestNGTutorials.TestListenerConcept" name="testMethod3" time="0.010"/>
  <system-out/>
  <testcase classname="TestNGTutorials.TestListenerConcept" name="testMethod4" time="0.003"/>
  <system-out/>
</testsuite> <!-- TestNGTutorials.TestListenerConcept -->
