<?xml version="1.0" encoding="UTF-8"?>
<!-- Generated by org.testng.reporters.JUnitReportReporter -->
<testsuite hostname="DESKTOP-HS68FTR" failures="0" tests="3" name="TestNGTutorials.DenpendsOnTest" time="0.011" errors="0" timestamp="2022-04-15T05:57:42 IST" skipped="0">
  <testcase classname="TestNGTutorials.DenpendsOnTest" name="searchTest" time="0.003"/>
  <system-out/>
  <testcase classname="TestNGTutorials.DenpendsOnTest" name="homeTest" time="0.005"/>
  <system-out/>
  <testcase classname="TestNGTutorials.DenpendsOnTest" name="loginTest" time="0.003"/>
  <system-out/>
</testsuite> <!-- TestNGTutorials.DenpendsOnTest -->
