<?xml version="1.0" encoding="UTF-8"?>
<!-- Generated by org.testng.reporters.JUnitReportReporter -->
<testsuite hostname="DESKTOP-HS68FTR" failures="0" tests="1" name="TestNGTutorials.ParameterTest" time="11.940" errors="0" timestamp="2022-02-02T14:58:32 IST" skipped="0">
  <testcase classname="TestNGTutorials.ParameterTest" name="yahooLoginTest" time="11.940"/>
  <system-out/>
</testsuite> <!-- TestNGTutorials.ParameterTest -->
