<?xml version="1.0" encoding="UTF-8"?>
<!-- Generated by org.testng.reporters.JUnitReportReporter -->
<testsuite hostname="DESKTOP-HS68FTR" failures="0" tests="1" name="TestNGTutorials.ExceptionTimeOutTest" time="0.007" errors="0" timestamp="2022-02-02T02:36:39 IST" skipped="0">
  <testcase classname="TestNGTutorials.ExceptionTimeOutTest" name="Test1" time="0.007"/>
  <system-out/>
</testsuite> <!-- TestNGTutorials.ExceptionTimeOutTest -->
