<?xml version="1.0" encoding="UTF-8"?>
<!-- Generated by org.testng.reporters.JUnitReportReporter -->
<testsuite hostname="DESKTOP-HS68FTR" failures="0" tests="4" name="TestNGTutorials.DataProviderTest" time="52.647" errors="0" timestamp="2022-02-04T04:26:41 IST" skipped="0">
  <testcase classname="TestNGTutorials.DataProviderTest" name="eBayReg" time="8.480"/>
  <system-out/>
  <testcase classname="TestNGTutorials.DataProviderTest" name="eBayReg" time="21.443"/>
  <system-out/>
  <testcase classname="TestNGTutorials.DataProviderTest" name="eBayReg" time="11.803"/>
  <system-out/>
  <testcase classname="TestNGTutorials.DataProviderTest" name="eBayReg" time="10.921"/>
  <system-out/>
</testsuite> <!-- TestNGTutorials.DataProviderTest -->
