<?xml version="1.0" encoding="UTF-8"?>
<!-- Generated by org.testng.reporters.JUnitReportReporter -->
<testsuite hostname="DESKTOP-HS68FTR" failures="0" tests="2" name="TestNGTutorials.GoogleTitleTest" time="7.387" errors="0" timestamp="2022-04-15T05:57:42 IST" skipped="0">
  <testcase classname="TestNGTutorials.GoogleTitleTest" name="googleLogoTest" time="3.601"/>
  <system-out/>
  <testcase classname="TestNGTutorials.GoogleTitleTest" name="googleTitleTest" time="3.786"/>
  <system-out/>
</testsuite> <!-- TestNGTutorials.GoogleTitleTest -->
