<?xml version="1.0" encoding="UTF-8"?>
<!-- Generated by org.testng.reporters.JUnitReportReporter -->
<testsuite hostname="DESKTOP-HS68FTR" failures="0" tests="4" name="TestNGTutorials.TestCasePriority_Grouping" time="0.010" errors="0" timestamp="2022-04-15T05:57:42 IST" skipped="0">
  <testcase classname="TestNGTutorials.TestCasePriority_Grouping" name="Test2" time="0.002"/>
  <system-out/>
  <testcase classname="TestNGTutorials.TestCasePriority_Grouping" name="Test4" time="0.002"/>
  <system-out/>
  <testcase classname="TestNGTutorials.TestCasePriority_Grouping" name="Test1" time="0.003"/>
  <system-out/>
  <testcase classname="TestNGTutorials.TestCasePriority_Grouping" name="Test3" time="0.003"/>
  <system-out/>
</testsuite> <!-- TestNGTutorials.TestCasePriority_Grouping -->
