<?xml version="1.0" encoding="UTF-8"?>
<!-- Generated by org.testng.reporters.JUnitReportReporter -->
<testsuite hostname="DESKTOP-HS68FTR" failures="0" tests="4" name="TestNGTutorials.TestCasePriority" time="0.026" errors="0" timestamp="2022-02-01T23:20:48 IST" skipped="0">
  <testcase classname="TestNGTutorials.TestCasePriority" name="Test2" time="0.018"/>
  <system-out/>
  <testcase classname="TestNGTutorials.TestCasePriority" name="Test4" time="0.003"/>
  <system-out/>
  <testcase classname="TestNGTutorials.TestCasePriority" name="Test1" time="0.002"/>
  <system-out/>
  <testcase classname="TestNGTutorials.TestCasePriority" name="Test3" time="0.003"/>
  <system-out/>
</testsuite> <!-- TestNGTutorials.TestCasePriority -->
