<?xml version="1.0" encoding="UTF-8"?>
<!-- Generated by org.testng.reporters.JUnitReportReporter -->
<testsuite hostname="DESKTOP-HS68FTR" failures="0" tests="2" name="TestNGTutorials.TestNgBasics" time="0.006" errors="0" timestamp="2022-04-15T05:57:42 IST" skipped="0">
  <testcase classname="TestNGTutorials.TestNgBasics" name="googleTitleTest" time="0.003"/>
  <system-out/>
  <testcase classname="TestNGTutorials.TestNgBasics" name="searchTest" time="0.003"/>
  <system-out/>
</testsuite> <!-- TestNGTutorials.TestNgBasics -->
