<?xml version="1.0" encoding="UTF-8"?>
<!-- Generated by org.testng.reporters.JUnitReportReporter -->
<testsuite hostname="DESKTOP-HS68FTR" failures="0" tests="1" name="SeleniumFunctions.FileDownloadConcept" time="9.090" errors="0" timestamp="2022-03-13T16:27:31 IST" skipped="0">
  <testcase classname="SeleniumFunctions.FileDownloadConcept" name="downloadFileTest" time="9.090"/>
  <system-out/>
</testsuite> <!-- SeleniumFunctions.FileDownloadConcept -->
